ARM GAS  C:\Users\kazuma\AppData\Local\Temp\ccRuHb4v.s 			page 1


   1              		.syntax unified
   2              		.cpu cortex-m3
   3              		.fpu softvfp
   4              		.eabi_attribute 20, 1
   5              		.eabi_attribute 21, 1
   6              		.eabi_attribute 23, 3
   7              		.eabi_attribute 24, 1
   8              		.eabi_attribute 25, 1
   9              		.eabi_attribute 26, 1
  10              		.eabi_attribute 30, 1
  11              		.eabi_attribute 34, 1
  12              		.eabi_attribute 18, 4
  13              		.thumb
  14              		.file	"main.c"
  15              		.text
  16              	.Ltext0:
  17              		.cfi_sections	.debug_frame
  18              		.section	.text.main,"ax",%progbits
  19              		.align	2
  20              		.global	main
  21              		.thumb
  22              		.thumb_func
  23              		.type	main, %function
  24              	main:
  25              	.LFB63:
  26              		.file 1 "main.c"
   1:main.c        **** /* ========================================
   2:main.c        ****  *
   3:main.c        ****  * Copyright YOUR COMPANY, THE YEAR
   4:main.c        ****  * All Rights Reserved
   5:main.c        ****  * UNPUBLISHED, LICENSED SOFTWARE.
   6:main.c        ****  *
   7:main.c        ****  * CONFIDENTIAL AND PROPRIETARY INFORMATION
   8:main.c        ****  * WHICH IS THE PROPERTY OF your company.
   9:main.c        ****  *
  10:main.c        ****  * ========================================
  11:main.c        **** */
  12:main.c        **** #include "project.h"
  13:main.c        **** #include "usb_io.h"
  14:main.c        **** #include <stdio.h>
  15:main.c        **** #include <string.h>
  16:main.c        **** int main(void)
  17:main.c        **** {
  27              		.loc 1 17 0
  28              		.cfi_startproc
  29              		@ args = 0, pretend = 0, frame = 32
  30              		@ frame_needed = 0, uses_anonymous_args = 0
  31 0000 00B5     		push	{lr}
  32              		.cfi_def_cfa_offset 4
  33              		.cfi_offset 14, -4
  34 0002 89B0     		sub	sp, sp, #36
  35              		.cfi_def_cfa_offset 40
  18:main.c        ****     CyGlobalIntEnable; /* Enable global interrupts. */
  36              		.loc 1 18 0
  37              	@ 18 "main.c" 1
  38 0004 62B6     		CPSIE   i
  39              	@ 0 "" 2
ARM GAS  C:\Users\kazuma\AppData\Local\Temp\ccRuHb4v.s 			page 2


  19:main.c        **** 
  20:main.c        ****     UART_1_Start();
  40              		.loc 1 20 0
  41              		.thumb
  42 0006 FFF7FEFF 		bl	UART_1_Start
  43              	.LVL0:
  21:main.c        ****     usb_output("start water_level_sensor");
  44              		.loc 1 21 0
  45 000a 1048     		ldr	r0, .L3
  46 000c FFF7FEFF 		bl	usb_output
  47              	.LVL1:
  22:main.c        ****     water_sensor_Start();
  48              		.loc 1 22 0
  49 0010 FFF7FEFF 		bl	water_sensor_Start
  50              	.LVL2:
  23:main.c        ****     int input=1;
  24:main.c        ****     int h;
  25:main.c        ****   //  float water_level=0, vol=0;
  26:main.c        ****     char buf[32];
  27:main.c        **** 
  28:main.c        ****     water_sensor_StartConvert();
  51              		.loc 1 28 0
  52 0014 FFF7FEFF 		bl	water_sensor_StartConvert
  53              	.LVL3:
  29:main.c        ****    h=water_sensor_IsEndConversion(water_sensor_RETURN_STATUS);
  54              		.loc 1 29 0
  55 0018 0120     		movs	r0, #1
  56 001a FFF7FEFF 		bl	water_sensor_IsEndConversion
  57              	.LVL4:
  58 001e 0246     		mov	r2, r0
  59              	.LVL5:
  30:main.c        ****         sprintf( buf, "sokutei%d",h);
  60              		.loc 1 30 0
  61 0020 6846     		mov	r0, sp
  62              	.LVL6:
  63 0022 0B49     		ldr	r1, .L3+4
  64 0024 FFF7FEFF 		bl	sprintf
  65              	.LVL7:
  31:main.c        ****     usb_output(buf);
  66              		.loc 1 31 0
  67 0028 6846     		mov	r0, sp
  68 002a FFF7FEFF 		bl	usb_output
  69              	.LVL8:
  32:main.c        ****    // {
  33:main.c        ****    // for(;;){
  34:main.c        ****     input=water_sensor_GetResult16();
  70              		.loc 1 34 0
  71 002e FFF7FEFF 		bl	water_sensor_GetResult16
  72              	.LVL9:
  73 0032 0246     		mov	r2, r0
  74              	.LVL10:
  35:main.c        ****     
  36:main.c        ****         sprintf( buf, "waterlevel=%d[m]",input);
  75              		.loc 1 36 0
  76 0034 6846     		mov	r0, sp
  77              	.LVL11:
  78 0036 0749     		ldr	r1, .L3+8
ARM GAS  C:\Users\kazuma\AppData\Local\Temp\ccRuHb4v.s 			page 3


  79 0038 FFF7FEFF 		bl	sprintf
  80              	.LVL12:
  37:main.c        ****     usb_output(buf);
  81              		.loc 1 37 0
  82 003c 6846     		mov	r0, sp
  83 003e FFF7FEFF 		bl	usb_output
  84              	.LVL13:
  38:main.c        **** 
  39:main.c        **** //}
  40:main.c        ****   //  }
  41:main.c        **** 
  42:main.c        **** 
  43:main.c        ****     return 0;
  44:main.c        **** }
  85              		.loc 1 44 0
  86 0042 0020     		movs	r0, #0
  87 0044 09B0     		add	sp, sp, #36
  88              		.cfi_def_cfa_offset 4
  89              		@ sp needed
  90 0046 5DF804FB 		ldr	pc, [sp], #4
  91              	.L4:
  92 004a 00BF     		.align	2
  93              	.L3:
  94 004c 00000000 		.word	.LC0
  95 0050 1C000000 		.word	.LC1
  96 0054 28000000 		.word	.LC2
  97              		.cfi_endproc
  98              	.LFE63:
  99              		.size	main, .-main
 100              		.section	.rodata.str1.4,"aMS",%progbits,1
 101              		.align	2
 102              	.LC0:
 103 0000 73746172 		.ascii	"start water_level_sensor\000"
 103      74207761 
 103      7465725F 
 103      6C657665 
 103      6C5F7365 
 104 0019 000000   		.space	3
 105              	.LC1:
 106 001c 736F6B75 		.ascii	"sokutei%d\000"
 106      74656925 
 106      6400
 107 0026 0000     		.space	2
 108              	.LC2:
 109 0028 77617465 		.ascii	"waterlevel=%d[m]\000"
 109      726C6576 
 109      656C3D25 
 109      645B6D5D 
 109      00
 110 0039 000000   		.text
 111              	.Letext0:
 112              		.file 2 "c:\\program files (x86)\\cypress\\psoc creator\\4.0\\psoc creator\\import\\gnu\\arm\\4.9.
 113              		.file 3 "c:\\program files (x86)\\cypress\\psoc creator\\4.0\\psoc creator\\import\\gnu\\arm\\4.9.
 114              		.file 4 "Generated_Source\\PSoC5/cytypes.h"
 115              		.file 5 "Generated_Source\\PSoC5/UART_1.h"
 116              		.file 6 "Generated_Source\\PSoC5/water_sensor.h"
 117              		.file 7 "c:\\program files (x86)\\cypress\\psoc creator\\4.0\\psoc creator\\import\\gnu\\arm\\4.9.
ARM GAS  C:\Users\kazuma\AppData\Local\Temp\ccRuHb4v.s 			page 4


 118              		.file 8 "Generated_Source\\PSoC5/core_cm3.h"
 119              		.file 9 "usb_io.h"
 120              		.section	.debug_info,"",%progbits
 121              	.Ldebug_info0:
 122 0000 35020000 		.4byte	0x235
 123 0004 0400     		.2byte	0x4
 124 0006 00000000 		.4byte	.Ldebug_abbrev0
 125 000a 04       		.byte	0x4
 126 000b 01       		.uleb128 0x1
 127 000c 93000000 		.4byte	.LASF23
 128 0010 01       		.byte	0x1
 129 0011 A7010000 		.4byte	.LASF24
 130 0015 2E010000 		.4byte	.LASF25
 131 0019 00000000 		.4byte	.Ldebug_ranges0+0
 132 001d 00000000 		.4byte	0
 133 0021 00000000 		.4byte	.Ldebug_line0
 134 0025 02       		.uleb128 0x2
 135 0026 01       		.byte	0x1
 136 0027 06       		.byte	0x6
 137 0028 1C020000 		.4byte	.LASF0
 138 002c 02       		.uleb128 0x2
 139 002d 01       		.byte	0x1
 140 002e 08       		.byte	0x8
 141 002f 28000000 		.4byte	.LASF1
 142 0033 02       		.uleb128 0x2
 143 0034 02       		.byte	0x2
 144 0035 05       		.byte	0x5
 145 0036 D0010000 		.4byte	.LASF2
 146 003a 02       		.uleb128 0x2
 147 003b 02       		.byte	0x2
 148 003c 07       		.byte	0x7
 149 003d 54000000 		.4byte	.LASF3
 150 0041 03       		.uleb128 0x3
 151 0042 13000000 		.4byte	.LASF9
 152 0046 02       		.byte	0x2
 153 0047 3F       		.byte	0x3f
 154 0048 4C000000 		.4byte	0x4c
 155 004c 02       		.uleb128 0x2
 156 004d 04       		.byte	0x4
 157 004e 05       		.byte	0x5
 158 004f 13020000 		.4byte	.LASF4
 159 0053 02       		.uleb128 0x2
 160 0054 04       		.byte	0x4
 161 0055 07       		.byte	0x7
 162 0056 42000000 		.4byte	.LASF5
 163 005a 02       		.uleb128 0x2
 164 005b 08       		.byte	0x8
 165 005c 05       		.byte	0x5
 166 005d 99010000 		.4byte	.LASF6
 167 0061 02       		.uleb128 0x2
 168 0062 08       		.byte	0x8
 169 0063 07       		.byte	0x7
 170 0064 71010000 		.4byte	.LASF7
 171 0068 04       		.uleb128 0x4
 172 0069 04       		.byte	0x4
 173 006a 05       		.byte	0x5
 174 006b 696E7400 		.ascii	"int\000"
ARM GAS  C:\Users\kazuma\AppData\Local\Temp\ccRuHb4v.s 			page 5


 175 006f 02       		.uleb128 0x2
 176 0070 04       		.byte	0x4
 177 0071 07       		.byte	0x7
 178 0072 21010000 		.4byte	.LASF8
 179 0076 03       		.uleb128 0x3
 180 0077 88010000 		.4byte	.LASF10
 181 007b 03       		.byte	0x3
 182 007c 2C       		.byte	0x2c
 183 007d 41000000 		.4byte	0x41
 184 0081 05       		.uleb128 0x5
 185 0082 DA010000 		.4byte	.LASF11
 186 0086 04       		.byte	0x4
 187 0087 9201     		.2byte	0x192
 188 0089 2C000000 		.4byte	0x2c
 189 008d 05       		.uleb128 0x5
 190 008e 3C000000 		.4byte	.LASF12
 191 0092 04       		.byte	0x4
 192 0093 9601     		.2byte	0x196
 193 0095 33000000 		.4byte	0x33
 194 0099 02       		.uleb128 0x2
 195 009a 04       		.byte	0x4
 196 009b 04       		.byte	0x4
 197 009c 0D000000 		.4byte	.LASF13
 198 00a0 02       		.uleb128 0x2
 199 00a1 08       		.byte	0x8
 200 00a2 04       		.byte	0x4
 201 00a3 87000000 		.4byte	.LASF14
 202 00a7 02       		.uleb128 0x2
 203 00a8 01       		.byte	0x1
 204 00a9 08       		.byte	0x8
 205 00aa AE010000 		.4byte	.LASF15
 206 00ae 02       		.uleb128 0x2
 207 00af 04       		.byte	0x4
 208 00b0 07       		.byte	0x7
 209 00b1 90010000 		.4byte	.LASF16
 210 00b5 06       		.uleb128 0x6
 211 00b6 04       		.byte	0x4
 212 00b7 A7000000 		.4byte	0xa7
 213 00bb 06       		.uleb128 0x6
 214 00bc 04       		.byte	0x4
 215 00bd C1000000 		.4byte	0xc1
 216 00c1 07       		.uleb128 0x7
 217 00c2 A7000000 		.4byte	0xa7
 218 00c6 08       		.uleb128 0x8
 219 00c7 8E000000 		.4byte	.LASF26
 220 00cb 01       		.byte	0x1
 221 00cc 10       		.byte	0x10
 222 00cd 68000000 		.4byte	0x68
 223 00d1 00000000 		.4byte	.LFB63
 224 00d5 58000000 		.4byte	.LFE63-.LFB63
 225 00d9 01       		.uleb128 0x1
 226 00da 9C       		.byte	0x9c
 227 00db B6010000 		.4byte	0x1b6
 228 00df 09       		.uleb128 0x9
 229 00e0 36000000 		.4byte	.LASF17
 230 00e4 01       		.byte	0x1
 231 00e5 17       		.byte	0x17
ARM GAS  C:\Users\kazuma\AppData\Local\Temp\ccRuHb4v.s 			page 6


 232 00e6 68000000 		.4byte	0x68
 233 00ea 00000000 		.4byte	.LLST0
 234 00ee 0A       		.uleb128 0xa
 235 00ef 6800     		.ascii	"h\000"
 236 00f1 01       		.byte	0x1
 237 00f2 18       		.byte	0x18
 238 00f3 68000000 		.4byte	0x68
 239 00f7 2A000000 		.4byte	.LLST1
 240 00fb 0B       		.uleb128 0xb
 241 00fc 62756600 		.ascii	"buf\000"
 242 0100 01       		.byte	0x1
 243 0101 1A       		.byte	0x1a
 244 0102 B6010000 		.4byte	0x1b6
 245 0106 02       		.uleb128 0x2
 246 0107 91       		.byte	0x91
 247 0108 58       		.sleb128 -40
 248 0109 0C       		.uleb128 0xc
 249 010a 0A000000 		.4byte	.LVL0
 250 010e D7010000 		.4byte	0x1d7
 251 0112 0D       		.uleb128 0xd
 252 0113 10000000 		.4byte	.LVL1
 253 0117 DE010000 		.4byte	0x1de
 254 011b 29010000 		.4byte	0x129
 255 011f 0E       		.uleb128 0xe
 256 0120 01       		.uleb128 0x1
 257 0121 50       		.byte	0x50
 258 0122 05       		.uleb128 0x5
 259 0123 03       		.byte	0x3
 260 0124 00000000 		.4byte	.LC0
 261 0128 00       		.byte	0
 262 0129 0C       		.uleb128 0xc
 263 012a 14000000 		.4byte	.LVL2
 264 012e EF010000 		.4byte	0x1ef
 265 0132 0C       		.uleb128 0xc
 266 0133 18000000 		.4byte	.LVL3
 267 0137 F6010000 		.4byte	0x1f6
 268 013b 0D       		.uleb128 0xd
 269 013c 1E000000 		.4byte	.LVL4
 270 0140 FD010000 		.4byte	0x1fd
 271 0144 4E010000 		.4byte	0x14e
 272 0148 0E       		.uleb128 0xe
 273 0149 01       		.uleb128 0x1
 274 014a 50       		.byte	0x50
 275 014b 01       		.uleb128 0x1
 276 014c 31       		.byte	0x31
 277 014d 00       		.byte	0
 278 014e 0D       		.uleb128 0xd
 279 014f 28000000 		.4byte	.LVL7
 280 0153 12020000 		.4byte	0x212
 281 0157 6B010000 		.4byte	0x16b
 282 015b 0E       		.uleb128 0xe
 283 015c 01       		.uleb128 0x1
 284 015d 51       		.byte	0x51
 285 015e 05       		.uleb128 0x5
 286 015f 03       		.byte	0x3
 287 0160 1C000000 		.4byte	.LC1
 288 0164 0E       		.uleb128 0xe
ARM GAS  C:\Users\kazuma\AppData\Local\Temp\ccRuHb4v.s 			page 7


 289 0165 01       		.uleb128 0x1
 290 0166 50       		.byte	0x50
 291 0167 02       		.uleb128 0x2
 292 0168 7D       		.byte	0x7d
 293 0169 00       		.sleb128 0
 294 016a 00       		.byte	0
 295 016b 0D       		.uleb128 0xd
 296 016c 2E000000 		.4byte	.LVL8
 297 0170 DE010000 		.4byte	0x1de
 298 0174 7F010000 		.4byte	0x17f
 299 0178 0E       		.uleb128 0xe
 300 0179 01       		.uleb128 0x1
 301 017a 50       		.byte	0x50
 302 017b 02       		.uleb128 0x2
 303 017c 7D       		.byte	0x7d
 304 017d 00       		.sleb128 0
 305 017e 00       		.byte	0
 306 017f 0C       		.uleb128 0xc
 307 0180 32000000 		.4byte	.LVL9
 308 0184 2D020000 		.4byte	0x22d
 309 0188 0D       		.uleb128 0xd
 310 0189 3C000000 		.4byte	.LVL12
 311 018d 12020000 		.4byte	0x212
 312 0191 A5010000 		.4byte	0x1a5
 313 0195 0E       		.uleb128 0xe
 314 0196 01       		.uleb128 0x1
 315 0197 51       		.byte	0x51
 316 0198 05       		.uleb128 0x5
 317 0199 03       		.byte	0x3
 318 019a 28000000 		.4byte	.LC2
 319 019e 0E       		.uleb128 0xe
 320 019f 01       		.uleb128 0x1
 321 01a0 50       		.byte	0x50
 322 01a1 02       		.uleb128 0x2
 323 01a2 7D       		.byte	0x7d
 324 01a3 00       		.sleb128 0
 325 01a4 00       		.byte	0
 326 01a5 0F       		.uleb128 0xf
 327 01a6 42000000 		.4byte	.LVL13
 328 01aa DE010000 		.4byte	0x1de
 329 01ae 0E       		.uleb128 0xe
 330 01af 01       		.uleb128 0x1
 331 01b0 50       		.byte	0x50
 332 01b1 02       		.uleb128 0x2
 333 01b2 7D       		.byte	0x7d
 334 01b3 00       		.sleb128 0
 335 01b4 00       		.byte	0
 336 01b5 00       		.byte	0
 337 01b6 10       		.uleb128 0x10
 338 01b7 A7000000 		.4byte	0xa7
 339 01bb C6010000 		.4byte	0x1c6
 340 01bf 11       		.uleb128 0x11
 341 01c0 AE000000 		.4byte	0xae
 342 01c4 1F       		.byte	0x1f
 343 01c5 00       		.byte	0
 344 01c6 12       		.uleb128 0x12
 345 01c7 67000000 		.4byte	.LASF27
ARM GAS  C:\Users\kazuma\AppData\Local\Temp\ccRuHb4v.s 			page 8


 346 01cb 08       		.byte	0x8
 347 01cc 9606     		.2byte	0x696
 348 01ce D2010000 		.4byte	0x1d2
 349 01d2 13       		.uleb128 0x13
 350 01d3 76000000 		.4byte	0x76
 351 01d7 14       		.uleb128 0x14
 352 01d8 00000000 		.4byte	.LASF18
 353 01dc 05       		.byte	0x5
 354 01dd 54       		.byte	0x54
 355 01de 15       		.uleb128 0x15
 356 01df 1D000000 		.4byte	.LASF28
 357 01e3 09       		.byte	0x9
 358 01e4 0F       		.byte	0xf
 359 01e5 EF010000 		.4byte	0x1ef
 360 01e9 16       		.uleb128 0x16
 361 01ea B5000000 		.4byte	0xb5
 362 01ee 00       		.byte	0
 363 01ef 14       		.uleb128 0x14
 364 01f0 74000000 		.4byte	.LASF19
 365 01f4 06       		.byte	0x6
 366 01f5 34       		.byte	0x34
 367 01f6 14       		.uleb128 0x14
 368 01f7 E0010000 		.4byte	.LASF20
 369 01fb 06       		.byte	0x6
 370 01fc D1       		.byte	0xd1
 371 01fd 17       		.uleb128 0x17
 372 01fe B3010000 		.4byte	.LASF21
 373 0202 06       		.byte	0x6
 374 0203 39       		.byte	0x39
 375 0204 81000000 		.4byte	0x81
 376 0208 12020000 		.4byte	0x212
 377 020c 16       		.uleb128 0x16
 378 020d 81000000 		.4byte	0x81
 379 0211 00       		.byte	0
 380 0212 17       		.uleb128 0x17
 381 0213 28020000 		.4byte	.LASF22
 382 0217 07       		.byte	0x7
 383 0218 DE       		.byte	0xde
 384 0219 68000000 		.4byte	0x68
 385 021d 2D020000 		.4byte	0x22d
 386 0221 16       		.uleb128 0x16
 387 0222 B5000000 		.4byte	0xb5
 388 0226 16       		.uleb128 0x16
 389 0227 BB000000 		.4byte	0xbb
 390 022b 18       		.uleb128 0x18
 391 022c 00       		.byte	0
 392 022d 19       		.uleb128 0x19
 393 022e FA010000 		.4byte	.LASF29
 394 0232 06       		.byte	0x6
 395 0233 3B       		.byte	0x3b
 396 0234 8D000000 		.4byte	0x8d
 397 0238 00       		.byte	0
 398              		.section	.debug_abbrev,"",%progbits
 399              	.Ldebug_abbrev0:
 400 0000 01       		.uleb128 0x1
 401 0001 11       		.uleb128 0x11
 402 0002 01       		.byte	0x1
ARM GAS  C:\Users\kazuma\AppData\Local\Temp\ccRuHb4v.s 			page 9


 403 0003 25       		.uleb128 0x25
 404 0004 0E       		.uleb128 0xe
 405 0005 13       		.uleb128 0x13
 406 0006 0B       		.uleb128 0xb
 407 0007 03       		.uleb128 0x3
 408 0008 0E       		.uleb128 0xe
 409 0009 1B       		.uleb128 0x1b
 410 000a 0E       		.uleb128 0xe
 411 000b 55       		.uleb128 0x55
 412 000c 17       		.uleb128 0x17
 413 000d 11       		.uleb128 0x11
 414 000e 01       		.uleb128 0x1
 415 000f 10       		.uleb128 0x10
 416 0010 17       		.uleb128 0x17
 417 0011 00       		.byte	0
 418 0012 00       		.byte	0
 419 0013 02       		.uleb128 0x2
 420 0014 24       		.uleb128 0x24
 421 0015 00       		.byte	0
 422 0016 0B       		.uleb128 0xb
 423 0017 0B       		.uleb128 0xb
 424 0018 3E       		.uleb128 0x3e
 425 0019 0B       		.uleb128 0xb
 426 001a 03       		.uleb128 0x3
 427 001b 0E       		.uleb128 0xe
 428 001c 00       		.byte	0
 429 001d 00       		.byte	0
 430 001e 03       		.uleb128 0x3
 431 001f 16       		.uleb128 0x16
 432 0020 00       		.byte	0
 433 0021 03       		.uleb128 0x3
 434 0022 0E       		.uleb128 0xe
 435 0023 3A       		.uleb128 0x3a
 436 0024 0B       		.uleb128 0xb
 437 0025 3B       		.uleb128 0x3b
 438 0026 0B       		.uleb128 0xb
 439 0027 49       		.uleb128 0x49
 440 0028 13       		.uleb128 0x13
 441 0029 00       		.byte	0
 442 002a 00       		.byte	0
 443 002b 04       		.uleb128 0x4
 444 002c 24       		.uleb128 0x24
 445 002d 00       		.byte	0
 446 002e 0B       		.uleb128 0xb
 447 002f 0B       		.uleb128 0xb
 448 0030 3E       		.uleb128 0x3e
 449 0031 0B       		.uleb128 0xb
 450 0032 03       		.uleb128 0x3
 451 0033 08       		.uleb128 0x8
 452 0034 00       		.byte	0
 453 0035 00       		.byte	0
 454 0036 05       		.uleb128 0x5
 455 0037 16       		.uleb128 0x16
 456 0038 00       		.byte	0
 457 0039 03       		.uleb128 0x3
 458 003a 0E       		.uleb128 0xe
 459 003b 3A       		.uleb128 0x3a
ARM GAS  C:\Users\kazuma\AppData\Local\Temp\ccRuHb4v.s 			page 10


 460 003c 0B       		.uleb128 0xb
 461 003d 3B       		.uleb128 0x3b
 462 003e 05       		.uleb128 0x5
 463 003f 49       		.uleb128 0x49
 464 0040 13       		.uleb128 0x13
 465 0041 00       		.byte	0
 466 0042 00       		.byte	0
 467 0043 06       		.uleb128 0x6
 468 0044 0F       		.uleb128 0xf
 469 0045 00       		.byte	0
 470 0046 0B       		.uleb128 0xb
 471 0047 0B       		.uleb128 0xb
 472 0048 49       		.uleb128 0x49
 473 0049 13       		.uleb128 0x13
 474 004a 00       		.byte	0
 475 004b 00       		.byte	0
 476 004c 07       		.uleb128 0x7
 477 004d 26       		.uleb128 0x26
 478 004e 00       		.byte	0
 479 004f 49       		.uleb128 0x49
 480 0050 13       		.uleb128 0x13
 481 0051 00       		.byte	0
 482 0052 00       		.byte	0
 483 0053 08       		.uleb128 0x8
 484 0054 2E       		.uleb128 0x2e
 485 0055 01       		.byte	0x1
 486 0056 3F       		.uleb128 0x3f
 487 0057 19       		.uleb128 0x19
 488 0058 03       		.uleb128 0x3
 489 0059 0E       		.uleb128 0xe
 490 005a 3A       		.uleb128 0x3a
 491 005b 0B       		.uleb128 0xb
 492 005c 3B       		.uleb128 0x3b
 493 005d 0B       		.uleb128 0xb
 494 005e 27       		.uleb128 0x27
 495 005f 19       		.uleb128 0x19
 496 0060 49       		.uleb128 0x49
 497 0061 13       		.uleb128 0x13
 498 0062 11       		.uleb128 0x11
 499 0063 01       		.uleb128 0x1
 500 0064 12       		.uleb128 0x12
 501 0065 06       		.uleb128 0x6
 502 0066 40       		.uleb128 0x40
 503 0067 18       		.uleb128 0x18
 504 0068 9742     		.uleb128 0x2117
 505 006a 19       		.uleb128 0x19
 506 006b 01       		.uleb128 0x1
 507 006c 13       		.uleb128 0x13
 508 006d 00       		.byte	0
 509 006e 00       		.byte	0
 510 006f 09       		.uleb128 0x9
 511 0070 34       		.uleb128 0x34
 512 0071 00       		.byte	0
 513 0072 03       		.uleb128 0x3
 514 0073 0E       		.uleb128 0xe
 515 0074 3A       		.uleb128 0x3a
 516 0075 0B       		.uleb128 0xb
ARM GAS  C:\Users\kazuma\AppData\Local\Temp\ccRuHb4v.s 			page 11


 517 0076 3B       		.uleb128 0x3b
 518 0077 0B       		.uleb128 0xb
 519 0078 49       		.uleb128 0x49
 520 0079 13       		.uleb128 0x13
 521 007a 02       		.uleb128 0x2
 522 007b 17       		.uleb128 0x17
 523 007c 00       		.byte	0
 524 007d 00       		.byte	0
 525 007e 0A       		.uleb128 0xa
 526 007f 34       		.uleb128 0x34
 527 0080 00       		.byte	0
 528 0081 03       		.uleb128 0x3
 529 0082 08       		.uleb128 0x8
 530 0083 3A       		.uleb128 0x3a
 531 0084 0B       		.uleb128 0xb
 532 0085 3B       		.uleb128 0x3b
 533 0086 0B       		.uleb128 0xb
 534 0087 49       		.uleb128 0x49
 535 0088 13       		.uleb128 0x13
 536 0089 02       		.uleb128 0x2
 537 008a 17       		.uleb128 0x17
 538 008b 00       		.byte	0
 539 008c 00       		.byte	0
 540 008d 0B       		.uleb128 0xb
 541 008e 34       		.uleb128 0x34
 542 008f 00       		.byte	0
 543 0090 03       		.uleb128 0x3
 544 0091 08       		.uleb128 0x8
 545 0092 3A       		.uleb128 0x3a
 546 0093 0B       		.uleb128 0xb
 547 0094 3B       		.uleb128 0x3b
 548 0095 0B       		.uleb128 0xb
 549 0096 49       		.uleb128 0x49
 550 0097 13       		.uleb128 0x13
 551 0098 02       		.uleb128 0x2
 552 0099 18       		.uleb128 0x18
 553 009a 00       		.byte	0
 554 009b 00       		.byte	0
 555 009c 0C       		.uleb128 0xc
 556 009d 898201   		.uleb128 0x4109
 557 00a0 00       		.byte	0
 558 00a1 11       		.uleb128 0x11
 559 00a2 01       		.uleb128 0x1
 560 00a3 31       		.uleb128 0x31
 561 00a4 13       		.uleb128 0x13
 562 00a5 00       		.byte	0
 563 00a6 00       		.byte	0
 564 00a7 0D       		.uleb128 0xd
 565 00a8 898201   		.uleb128 0x4109
 566 00ab 01       		.byte	0x1
 567 00ac 11       		.uleb128 0x11
 568 00ad 01       		.uleb128 0x1
 569 00ae 31       		.uleb128 0x31
 570 00af 13       		.uleb128 0x13
 571 00b0 01       		.uleb128 0x1
 572 00b1 13       		.uleb128 0x13
 573 00b2 00       		.byte	0
ARM GAS  C:\Users\kazuma\AppData\Local\Temp\ccRuHb4v.s 			page 12


 574 00b3 00       		.byte	0
 575 00b4 0E       		.uleb128 0xe
 576 00b5 8A8201   		.uleb128 0x410a
 577 00b8 00       		.byte	0
 578 00b9 02       		.uleb128 0x2
 579 00ba 18       		.uleb128 0x18
 580 00bb 9142     		.uleb128 0x2111
 581 00bd 18       		.uleb128 0x18
 582 00be 00       		.byte	0
 583 00bf 00       		.byte	0
 584 00c0 0F       		.uleb128 0xf
 585 00c1 898201   		.uleb128 0x4109
 586 00c4 01       		.byte	0x1
 587 00c5 11       		.uleb128 0x11
 588 00c6 01       		.uleb128 0x1
 589 00c7 31       		.uleb128 0x31
 590 00c8 13       		.uleb128 0x13
 591 00c9 00       		.byte	0
 592 00ca 00       		.byte	0
 593 00cb 10       		.uleb128 0x10
 594 00cc 01       		.uleb128 0x1
 595 00cd 01       		.byte	0x1
 596 00ce 49       		.uleb128 0x49
 597 00cf 13       		.uleb128 0x13
 598 00d0 01       		.uleb128 0x1
 599 00d1 13       		.uleb128 0x13
 600 00d2 00       		.byte	0
 601 00d3 00       		.byte	0
 602 00d4 11       		.uleb128 0x11
 603 00d5 21       		.uleb128 0x21
 604 00d6 00       		.byte	0
 605 00d7 49       		.uleb128 0x49
 606 00d8 13       		.uleb128 0x13
 607 00d9 2F       		.uleb128 0x2f
 608 00da 0B       		.uleb128 0xb
 609 00db 00       		.byte	0
 610 00dc 00       		.byte	0
 611 00dd 12       		.uleb128 0x12
 612 00de 34       		.uleb128 0x34
 613 00df 00       		.byte	0
 614 00e0 03       		.uleb128 0x3
 615 00e1 0E       		.uleb128 0xe
 616 00e2 3A       		.uleb128 0x3a
 617 00e3 0B       		.uleb128 0xb
 618 00e4 3B       		.uleb128 0x3b
 619 00e5 05       		.uleb128 0x5
 620 00e6 49       		.uleb128 0x49
 621 00e7 13       		.uleb128 0x13
 622 00e8 3F       		.uleb128 0x3f
 623 00e9 19       		.uleb128 0x19
 624 00ea 3C       		.uleb128 0x3c
 625 00eb 19       		.uleb128 0x19
 626 00ec 00       		.byte	0
 627 00ed 00       		.byte	0
 628 00ee 13       		.uleb128 0x13
 629 00ef 35       		.uleb128 0x35
 630 00f0 00       		.byte	0
ARM GAS  C:\Users\kazuma\AppData\Local\Temp\ccRuHb4v.s 			page 13


 631 00f1 49       		.uleb128 0x49
 632 00f2 13       		.uleb128 0x13
 633 00f3 00       		.byte	0
 634 00f4 00       		.byte	0
 635 00f5 14       		.uleb128 0x14
 636 00f6 2E       		.uleb128 0x2e
 637 00f7 00       		.byte	0
 638 00f8 3F       		.uleb128 0x3f
 639 00f9 19       		.uleb128 0x19
 640 00fa 03       		.uleb128 0x3
 641 00fb 0E       		.uleb128 0xe
 642 00fc 3A       		.uleb128 0x3a
 643 00fd 0B       		.uleb128 0xb
 644 00fe 3B       		.uleb128 0x3b
 645 00ff 0B       		.uleb128 0xb
 646 0100 27       		.uleb128 0x27
 647 0101 19       		.uleb128 0x19
 648 0102 3C       		.uleb128 0x3c
 649 0103 19       		.uleb128 0x19
 650 0104 00       		.byte	0
 651 0105 00       		.byte	0
 652 0106 15       		.uleb128 0x15
 653 0107 2E       		.uleb128 0x2e
 654 0108 01       		.byte	0x1
 655 0109 3F       		.uleb128 0x3f
 656 010a 19       		.uleb128 0x19
 657 010b 03       		.uleb128 0x3
 658 010c 0E       		.uleb128 0xe
 659 010d 3A       		.uleb128 0x3a
 660 010e 0B       		.uleb128 0xb
 661 010f 3B       		.uleb128 0x3b
 662 0110 0B       		.uleb128 0xb
 663 0111 27       		.uleb128 0x27
 664 0112 19       		.uleb128 0x19
 665 0113 3C       		.uleb128 0x3c
 666 0114 19       		.uleb128 0x19
 667 0115 01       		.uleb128 0x1
 668 0116 13       		.uleb128 0x13
 669 0117 00       		.byte	0
 670 0118 00       		.byte	0
 671 0119 16       		.uleb128 0x16
 672 011a 05       		.uleb128 0x5
 673 011b 00       		.byte	0
 674 011c 49       		.uleb128 0x49
 675 011d 13       		.uleb128 0x13
 676 011e 00       		.byte	0
 677 011f 00       		.byte	0
 678 0120 17       		.uleb128 0x17
 679 0121 2E       		.uleb128 0x2e
 680 0122 01       		.byte	0x1
 681 0123 3F       		.uleb128 0x3f
 682 0124 19       		.uleb128 0x19
 683 0125 03       		.uleb128 0x3
 684 0126 0E       		.uleb128 0xe
 685 0127 3A       		.uleb128 0x3a
 686 0128 0B       		.uleb128 0xb
 687 0129 3B       		.uleb128 0x3b
ARM GAS  C:\Users\kazuma\AppData\Local\Temp\ccRuHb4v.s 			page 14


 688 012a 0B       		.uleb128 0xb
 689 012b 27       		.uleb128 0x27
 690 012c 19       		.uleb128 0x19
 691 012d 49       		.uleb128 0x49
 692 012e 13       		.uleb128 0x13
 693 012f 3C       		.uleb128 0x3c
 694 0130 19       		.uleb128 0x19
 695 0131 01       		.uleb128 0x1
 696 0132 13       		.uleb128 0x13
 697 0133 00       		.byte	0
 698 0134 00       		.byte	0
 699 0135 18       		.uleb128 0x18
 700 0136 18       		.uleb128 0x18
 701 0137 00       		.byte	0
 702 0138 00       		.byte	0
 703 0139 00       		.byte	0
 704 013a 19       		.uleb128 0x19
 705 013b 2E       		.uleb128 0x2e
 706 013c 00       		.byte	0
 707 013d 3F       		.uleb128 0x3f
 708 013e 19       		.uleb128 0x19
 709 013f 03       		.uleb128 0x3
 710 0140 0E       		.uleb128 0xe
 711 0141 3A       		.uleb128 0x3a
 712 0142 0B       		.uleb128 0xb
 713 0143 3B       		.uleb128 0x3b
 714 0144 0B       		.uleb128 0xb
 715 0145 27       		.uleb128 0x27
 716 0146 19       		.uleb128 0x19
 717 0147 49       		.uleb128 0x49
 718 0148 13       		.uleb128 0x13
 719 0149 3C       		.uleb128 0x3c
 720 014a 19       		.uleb128 0x19
 721 014b 00       		.byte	0
 722 014c 00       		.byte	0
 723 014d 00       		.byte	0
 724              		.section	.debug_loc,"",%progbits
 725              	.Ldebug_loc0:
 726              	.LLST0:
 727 0000 14000000 		.4byte	.LVL2
 728 0004 34000000 		.4byte	.LVL10
 729 0008 0200     		.2byte	0x2
 730 000a 31       		.byte	0x31
 731 000b 9F       		.byte	0x9f
 732 000c 34000000 		.4byte	.LVL10
 733 0010 36000000 		.4byte	.LVL11
 734 0014 0100     		.2byte	0x1
 735 0016 50       		.byte	0x50
 736 0017 36000000 		.4byte	.LVL11
 737 001b 3B000000 		.4byte	.LVL12-1
 738 001f 0100     		.2byte	0x1
 739 0021 52       		.byte	0x52
 740 0022 00000000 		.4byte	0
 741 0026 00000000 		.4byte	0
 742              	.LLST1:
 743 002a 20000000 		.4byte	.LVL5
 744 002e 22000000 		.4byte	.LVL6
ARM GAS  C:\Users\kazuma\AppData\Local\Temp\ccRuHb4v.s 			page 15


 745 0032 0100     		.2byte	0x1
 746 0034 50       		.byte	0x50
 747 0035 22000000 		.4byte	.LVL6
 748 0039 27000000 		.4byte	.LVL7-1
 749 003d 0100     		.2byte	0x1
 750 003f 52       		.byte	0x52
 751 0040 00000000 		.4byte	0
 752 0044 00000000 		.4byte	0
 753              		.section	.debug_aranges,"",%progbits
 754 0000 1C000000 		.4byte	0x1c
 755 0004 0200     		.2byte	0x2
 756 0006 00000000 		.4byte	.Ldebug_info0
 757 000a 04       		.byte	0x4
 758 000b 00       		.byte	0
 759 000c 0000     		.2byte	0
 760 000e 0000     		.2byte	0
 761 0010 00000000 		.4byte	.LFB63
 762 0014 58000000 		.4byte	.LFE63-.LFB63
 763 0018 00000000 		.4byte	0
 764 001c 00000000 		.4byte	0
 765              		.section	.debug_ranges,"",%progbits
 766              	.Ldebug_ranges0:
 767 0000 00000000 		.4byte	.LFB63
 768 0004 58000000 		.4byte	.LFE63
 769 0008 00000000 		.4byte	0
 770 000c 00000000 		.4byte	0
 771              		.section	.debug_line,"",%progbits
 772              	.Ldebug_line0:
 773 0000 9D010000 		.section	.debug_str,"MS",%progbits,1
 773      02007C01 
 773      00000201 
 773      FB0E0D00 
 773      01010101 
 774              	.LASF18:
 775 0000 55415254 		.ascii	"UART_1_Start\000"
 775      5F315F53 
 775      74617274 
 775      00
 776              	.LASF13:
 777 000d 666C6F61 		.ascii	"float\000"
 777      7400
 778              	.LASF9:
 779 0013 5F5F696E 		.ascii	"__int32_t\000"
 779      7433325F 
 779      7400
 780              	.LASF28:
 781 001d 7573625F 		.ascii	"usb_output\000"
 781      6F757470 
 781      757400
 782              	.LASF1:
 783 0028 756E7369 		.ascii	"unsigned char\000"
 783      676E6564 
 783      20636861 
 783      7200
 784              	.LASF17:
 785 0036 696E7075 		.ascii	"input\000"
 785      7400
ARM GAS  C:\Users\kazuma\AppData\Local\Temp\ccRuHb4v.s 			page 16


 786              	.LASF12:
 787 003c 696E7431 		.ascii	"int16\000"
 787      3600
 788              	.LASF5:
 789 0042 6C6F6E67 		.ascii	"long unsigned int\000"
 789      20756E73 
 789      69676E65 
 789      6420696E 
 789      7400
 790              	.LASF3:
 791 0054 73686F72 		.ascii	"short unsigned int\000"
 791      7420756E 
 791      7369676E 
 791      65642069 
 791      6E7400
 792              	.LASF27:
 793 0067 49544D5F 		.ascii	"ITM_RxBuffer\000"
 793      52784275 
 793      66666572 
 793      00
 794              	.LASF19:
 795 0074 77617465 		.ascii	"water_sensor_Start\000"
 795      725F7365 
 795      6E736F72 
 795      5F537461 
 795      727400
 796              	.LASF14:
 797 0087 646F7562 		.ascii	"double\000"
 797      6C6500
 798              	.LASF26:
 799 008e 6D61696E 		.ascii	"main\000"
 799      00
 800              	.LASF23:
 801 0093 474E5520 		.ascii	"GNU C 4.9.3 20150303 (release) [ARM/embedded-4_9-br"
 801      4320342E 
 801      392E3320 
 801      32303135 
 801      30333033 
 802 00c6 616E6368 		.ascii	"anch revision 221220] -mcpu=cortex-m3 -mthumb -g -O"
 802      20726576 
 802      6973696F 
 802      6E203232 
 802      31323230 
 803 00f9 67202D66 		.ascii	"g -ffunction-sections -ffat-lto-objects\000"
 803      66756E63 
 803      74696F6E 
 803      2D736563 
 803      74696F6E 
 804              	.LASF8:
 805 0121 756E7369 		.ascii	"unsigned int\000"
 805      676E6564 
 805      20696E74 
 805      00
 806              	.LASF25:
 807 012e 433A5C55 		.ascii	"C:\\Users\\kazuma\\Documents\\PSoC Creator\\water_s"
 807      73657273 
 807      5C6B617A 
ARM GAS  C:\Users\kazuma\AppData\Local\Temp\ccRuHb4v.s 			page 17


 807      756D615C 
 807      446F6375 
 808 015c 656E736F 		.ascii	"ensor\\Design01.cydsn\000"
 808      725C4465 
 808      7369676E 
 808      30312E63 
 808      7964736E 
 809              	.LASF7:
 810 0171 6C6F6E67 		.ascii	"long long unsigned int\000"
 810      206C6F6E 
 810      6720756E 
 810      7369676E 
 810      65642069 
 811              	.LASF10:
 812 0188 696E7433 		.ascii	"int32_t\000"
 812      325F7400 
 813              	.LASF16:
 814 0190 73697A65 		.ascii	"sizetype\000"
 814      74797065 
 814      00
 815              	.LASF6:
 816 0199 6C6F6E67 		.ascii	"long long int\000"
 816      206C6F6E 
 816      6720696E 
 816      7400
 817              	.LASF24:
 818 01a7 6D61696E 		.ascii	"main.c\000"
 818      2E6300
 819              	.LASF15:
 820 01ae 63686172 		.ascii	"char\000"
 820      00
 821              	.LASF21:
 822 01b3 77617465 		.ascii	"water_sensor_IsEndConversion\000"
 822      725F7365 
 822      6E736F72 
 822      5F497345 
 822      6E64436F 
 823              	.LASF2:
 824 01d0 73686F72 		.ascii	"short int\000"
 824      7420696E 
 824      7400
 825              	.LASF11:
 826 01da 75696E74 		.ascii	"uint8\000"
 826      3800
 827              	.LASF20:
 828 01e0 77617465 		.ascii	"water_sensor_StartConvert\000"
 828      725F7365 
 828      6E736F72 
 828      5F537461 
 828      7274436F 
 829              	.LASF29:
 830 01fa 77617465 		.ascii	"water_sensor_GetResult16\000"
 830      725F7365 
 830      6E736F72 
 830      5F476574 
 830      52657375 
 831              	.LASF4:
ARM GAS  C:\Users\kazuma\AppData\Local\Temp\ccRuHb4v.s 			page 18


 832 0213 6C6F6E67 		.ascii	"long int\000"
 832      20696E74 
 832      00
 833              	.LASF0:
 834 021c 7369676E 		.ascii	"signed char\000"
 834      65642063 
 834      68617200 
 835              	.LASF22:
 836 0228 73707269 		.ascii	"sprintf\000"
 836      6E746600 
 837              		.ident	"GCC: (GNU Tools for ARM Embedded Processors) 4.9.3 20150303 (release) [ARM/embedded-4_9-br
